gradle-build/app/outputs/logs/manifest-merger-debug-report.txt
-- Merging decision tree log ---
manifest
ADDED from src\main\AndroidManifest.xml:2:1-56:12
INJECTED from src\main\AndroidManifest.xml:2:1-56:12
INJECTED from src\main\AndroidManifest.xml:2:1-56:12
INJECTED from src\main\AndroidManifest.xml:2:1-56:12
MERGED from [:Aliyunplayer:player_demo] AndroidManifest.xml:2:1-36:12
MERGED from [:AliyunVideoCommon] AndroidManifest.xml:2:1-24:12
MERGED from [com.android.support:multidex:1.0.2] AndroidManifest.xml:17:1-22:12
MERGED from [:zxing] AndroidManifest.xml:2:1-27:12
MERGED from [com.android.support:appcompat-v7:26.1.0] AndroidManifest.xml:17:1-31:12
MERGED from [com.android.support:support-v4:26.1.0] AndroidManifest.xml:17:1-31:12
MERGED from [com.android.support:recyclerview-v7:26.1.0] AndroidManifest.xml:17:1-28:12
MERGED from [com.aliyun.dpa:oss-android-sdk:2.9.2] AndroidManifest.xml:2:1-22:12
MERGED from [com.squareup.leakcanary:leakcanary-android:1.6.1] AndroidManifest.xml:17:1-72:12
MERGED from [com.aliyun.ams:alicloud-android-ha-adapter:1.1.0.6.2-open] AndroidManifest.xml:2:1-19:12
MERGED from [com.aliyun.ams:alicloud-android-ha-ut-analytics:1.1.0.1-open] AndroidManifest.xml:2:1-23:12
MERGED from [com.github.bumptech.glide:glide:4.8.0] AndroidManifest.xml:2:1-12:12
MERGED from [:Aliyunplayer:AlivcPlayer] AndroidManifest.xml:2:1-14:12
MERGED from [:Aliyunplayer:AlivcReporter] AndroidManifest.xml:2:1-17:12
MERGED from [:Aliyunplayer:AlivcVodPlayer] AndroidManifest.xml:2:1-14:12
MERGED from [com.android.support:animated-vector-drawable:26.1.0] AndroidManifest.xml:17:1-28:12
MERGED from [com.android.support:support-vector-drawable:26.1.0] AndroidManifest.xml:17:1-28:12
MERGED from [com.android.support:support-media-compat:26.1.0] AndroidManifest.xml:17:1-31:12
MERGED from [com.android.support:support-fragment:26.1.0] AndroidManifest.xml:17:1-31:12
MERGED from [com.android.support:support-core-ui:26.1.0] AndroidManifest.xml:17:1-31:12
MERGED from [com.android.support:support-core-utils:26.1.0] AndroidManifest.xml:17:1-31:12
MERGED from [com.android.support:support-compat:26.1.0] AndroidManifest.xml:17:1-31:12
MERGED from [com.squareup.leakcanary:leakcanary-analyzer:1.6.1] AndroidManifest.xml:17:1-24:12
MERGED from [com.aliyun.ams:alicloud-android-ha-core:1.1.0.6.1-open] AndroidManifest.xml:2:1-17:12
MERGED from [com.aliyun.ams:alicloud-android-ha-protocol:1.1.0.6-open] AndroidManifest.xml:2:1-17:12
MERGED from [com.aliyun.ams:alicloud-android-ha-watch:1.1.0.6.1-open] AndroidManifest.xml:2:1-21:12
MERGED from [com.aliyun.ams:alicloud-android-ha-bizerrorreporter:1.1.0.6.1-open] AndroidManifest.xml:2:1-17:12
MERGED from [com.aliyun.ams:alicloud-android-ha-crashreporter:1.1.0.1-open] AndroidManifest.xml:2:1-19:12
MERGED from [com.aliyun.ams:alicloud-android-ha-telescopebase:1.1.0-open] AndroidManifest.xml:2:1-17:12
MERGED from [com.aliyun.ams:alicloud-android-ha-telescopesdk:1.1.0.1-open] AndroidManifest.xml:2:1-20:12
MERGED from [com.aliyun.ams:alicloud-android-ha-onlinemonitor:1.1.0.1-open] AndroidManifest.xml:2:1-13:12
MERGED from [com.aliyun.ams:alicloud-android-ha-tlog:1.1.0.6.1-open] AndroidManifest.xml:2:1-17:12
MERGED from [com.aliyun.ams:alicloud-android-ha-tlog-native:1.1.0.6-open] AndroidManifest.xml:2:1-9:12
MERGED from [com.aliyun.ams:alicloud-android-ha-tlog-protocol:1.1.0.6-open] AndroidManifest.xml:2:1-17:12
MERGED from [com.aliyun.ams:alicloud-android-ha-tlog-uploader-oss:1.1.0.6.1-open] AndroidManifest.xml:2:1-19:12
MERGED from [com.aliyun.ams:alicloud-android-ha-tlog-message-rpc:1.1.0.6.1-open] AndroidManifest.xml:2:1-19:12
MERGED from [com.aliyun.ams:alicloud-android-ha-tbrest:1.1.0.6-open] AndroidManifest.xml:2:1-17:12
MERGED from [com.github.bumptech.glide:gifdecoder:4.8.0] AndroidManifest.xml:2:1-11:12
MERGED from [android.arch.lifecycle:runtime:1.0.0] AndroidManifest.xml:17:1-30:12
INJECTED from src\main\AndroidManifest.xml:2:1-56:12
INJECTED from src\main\AndroidManifest.xml:2:1-56:12
INJECTED from src\main\AndroidManifest.xml:2:1-56:12
	package
		ADDED from src\main\AndroidManifest.xml:3:5-39
		INJECTED from src\main\AndroidManifest.xml
		INJECTED from src\main\AndroidManifest.xml
	android:versionName
		INJECTED from src\main\AndroidManifest.xml
		ADDED from src\main\AndroidManifest.xml:2:1-56:12
		INJECTED from src\main\AndroidManifest.xml
	android:versionCode
		INJECTED from src\main\AndroidManifest.xml
		ADDED from src\main\AndroidManifest.xml:2:1-56:12
		INJECTED from src\main\AndroidManifest.xml
	xmlns:android
		ADDED from src\main\AndroidManifest.xml:2:11-69
	android:installLocation
		ADDED from src\main\AndroidManifest.xml:4:5-45
uses-permission#android.permission.INTERNET
ADDED from src\main\AndroidManifest.xml:6:5-66
MERGED from [:Aliyunplayer:player_demo] AndroidManifest.xml:13:5-67
MERGED from [:Aliyunplayer:player_demo] AndroidManifest.xml:13:5-67
MERGED from [:AliyunVideoCommon] AndroidManifest.xml:10:5-67
MERGED from [:AliyunVideoCommon] AndroidManifest.xml:10:5-67
MERGED from [:zxing] AndroidManifest.xml:11:5-67
MERGED from [:zxing] AndroidManifest.xml:11:5-67
MERGED from [com.aliyun.dpa:oss-android-sdk:2.9.2] AndroidManifest.xml:11:5-67
MERGED from [com.aliyun.dpa:oss-android-sdk:2.9.2] AndroidManifest.xml:11:5-67
MERGED from [com.aliyun.ams:alicloud-android-ha-adapter:1.1.0.6.2-open] AndroidManifest.xml:13:5-14:23
MERGED from [com.aliyun.ams:alicloud-android-ha-adapter:1.1.0.6.2-open] AndroidManifest.xml:13:5-14:23
MERGED from [com.aliyun.ams:alicloud-android-ha-ut-analytics:1.1.0.1-open] AndroidManifest.xml:11:5-12:23
MERGED from [com.aliyun.ams:alicloud-android-ha-ut-analytics:1.1.0.1-open] AndroidManifest.xml:11:5-12:23
MERGED from [:Aliyunplayer:AlivcReporter] AndroidManifest.xml:12:5-67
MERGED from [:Aliyunplayer:AlivcReporter] AndroidManifest.xml:12:5-67
MERGED from [com.aliyun.ams:alicloud-android-ha-core:1.1.0.6.1-open] AndroidManifest.xml:11:5-12:23
MERGED from [com.aliyun.ams:alicloud-android-ha-core:1.1.0.6.1-open] AndroidManifest.xml:11:5-12:23
MERGED from [com.aliyun.ams:alicloud-android-ha-protocol:1.1.0.6-open] AndroidManifest.xml:11:5-12:23
MERGED from [com.aliyun.ams:alicloud-android-ha-protocol:1.1.0.6-open] AndroidManifest.xml:11:5-12:23
MERGED from [com.aliyun.ams:alicloud-android-ha-watch:1.1.0.6.1-open] AndroidManifest.xml:13:5-14:23
MERGED from [com.aliyun.ams:alicloud-android-ha-watch:1.1.0.6.1-open] AndroidManifest.xml:13:5-14:23
MERGED from [com.aliyun.ams:alicloud-android-ha-bizerrorreporter:1.1.0.6.1-open] AndroidManifest.xml:11:5-12:23
MERGED from [com.aliyun.ams:alicloud-android-ha-bizerrorreporter:1.1.0.6.1-open] AndroidManifest.xml:11:5-12:23
MERGED from [com.aliyun.ams:alicloud-android-ha-crashreporter:1.1.0.1-open] AndroidManifest.xml:11:5-12:23
MERGED from [com.aliyun.ams:alicloud-android-ha-crashreporter:1.1.0.1-open] AndroidManifest.xml:11:5-12:23
MERGED from [com.aliyun.ams:alicloud-android-ha-tlog:1.1.0.6.1-open] AndroidManifest.xml:11:5-12:23
MERGED from [com.aliyun.ams:alicloud-android-ha-tlog:1.1.0.6.1-open] AndroidManifest.xml:11:5-12:23
MERGED from [com.aliyun.ams:alicloud-android-ha-tlog-protocol:1.1.0.6-open] AndroidManifest.xml:11:5-12:23
MERGED from [com.aliyun.ams:alicloud-android-ha-tlog-protocol:1.1.0.6-open] AndroidManifest.xml:11:5-12:23
MERGED from [com.aliyun.ams:alicloud-android-ha-tlog-uploader-oss:1.1.0.6.1-open] AndroidManifest.xml:13:5-14:23
MERGED from [com.aliyun.ams:alicloud-android-ha-tlog-uploader-oss:1.1.0.6.1-open] AndroidManifest.xml:13:5-14:23
MERGED from [com.aliyun.ams:alicloud-android-ha-tlog-message-rpc:1.1.0.6.1-open] AndroidManifest.xml:13:5-14:23
MERGED from [com.aliyun.ams:alicloud-android-ha-tlog-message-rpc:1.1.0.6.1-open] AndroidManifest.xml:13:5-14:23
MERGED from [com.aliyun.ams:alicloud-android-ha-tbrest:1.1.0.6-open] AndroidManifest.xml:11:5-12:23
MERGED from [com.aliyun.ams:alicloud-android-ha-tbrest:1.1.0.6-open] AndroidManifest.xml:11:5-12:23
	android:name
		ADDED from src\main\AndroidManifest.xml:6:22-64
uses-permission#android.permission.VIBRATE
ADDED from src\main\AndroidManifest.xml:7:5-65
MERGED from [:zxing] AndroidManifest.xml:12:5-66
MERGED from [:zxing] AndroidManifest.xml:12:5-66
	android:name
		ADDED from src\main\AndroidManifest.xml:7:22-63
uses-permission#android.permission.RECORD_AUDIO
ADDED from src\main\AndroidManifest.xml:8:5-70
MERGED from [:AliyunVideoCommon] AndroidManifest.xml:18:5-71
MERGED from [:AliyunVideoCommon] AndroidManifest.xml:18:5-71
	android:name
		ADDED from src\main\AndroidManifest.xml:8:22-68
uses-permission#android.permission.CAMERA
ADDED from src\main\AndroidManifest.xml:9:5-64
MERGED from [:AliyunVideoCommon] AndroidManifest.xml:17:5-65
MERGED from [:AliyunVideoCommon] AndroidManifest.xml:17:5-65
MERGED from [:zxing] AndroidManifest.xml:13:5-65
MERGED from [:zxing] AndroidManifest.xml:13:5-65
	android:name
		ADDED from src\main\AndroidManifest.xml:9:22-62
uses-permission#android.permission.ACCESS_NETWORK_STATE
ADDED from src\main\AndroidManifest.xml:10:5-78
MERGED from [:Aliyunplayer:player_demo] AndroidManifest.xml:11:5-79
MERGED from [:Aliyunplayer:player_demo] AndroidManifest.xml:11:5-79
MERGED from [:AliyunVideoCommon] AndroidManifest.xml:9:5-79
MERGED from [:AliyunVideoCommon] AndroidManifest.xml:9:5-79
MERGED from [com.aliyun.dpa:oss-android-sdk:2.9.2] AndroidManifest.xml:12:5-79
MERGED from [com.aliyun.dpa:oss-android-sdk:2.9.2] AndroidManifest.xml:12:5-79
MERGED from [com.aliyun.ams:alicloud-android-ha-adapter:1.1.0.6.2-open] AndroidManifest.xml:16:5-79
MERGED from [com.aliyun.ams:alicloud-android-ha-adapter:1.1.0.6.2-open] AndroidManifest.xml:16:5-79
MERGED from [com.aliyun.ams:alicloud-android-ha-ut-analytics:1.1.0.1-open] AndroidManifest.xml:21:5-79
MERGED from [com.aliyun.ams:alicloud-android-ha-ut-analytics:1.1.0.1-open] AndroidManifest.xml:21:5-79
MERGED from [:Aliyunplayer:AlivcReporter] AndroidManifest.xml:11:5-79
MERGED from [:Aliyunplayer:AlivcReporter] AndroidManifest.xml:11:5-79
MERGED from [com.aliyun.ams:alicloud-android-ha-core:1.1.0.6.1-open] AndroidManifest.xml:14:5-79
MERGED from [com.aliyun.ams:alicloud-android-ha-core:1.1.0.6.1-open] AndroidManifest.xml:14:5-79
MERGED from [com.aliyun.ams:alicloud-android-ha-protocol:1.1.0.6-open] AndroidManifest.xml:14:5-79
MERGED from [com.aliyun.ams:alicloud-android-ha-protocol:1.1.0.6-open] AndroidManifest.xml:14:5-79
MERGED from [com.aliyun.ams:alicloud-android-ha-watch:1.1.0.6.1-open] AndroidManifest.xml:16:5-79
MERGED from [com.aliyun.ams:alicloud-android-ha-watch:1.1.0.6.1-open] AndroidManifest.xml:16:5-79
MERGED from [com.aliyun.ams:alicloud-android-ha-bizerrorreporter:1.1.0.6.1-open] AndroidManifest.xml:14:5-79
MERGED from [com.aliyun.ams:alicloud-android-ha-bizerrorreporter:1.1.0.6.1-open] AndroidManifest.xml:14:5-79
MERGED from [com.aliyun.ams:alicloud-android-ha-crashreporter:1.1.0.1-open] AndroidManifest.xml:14:5-79
MERGED from [com.aliyun.ams:alicloud-android-ha-crashreporter:1.1.0.1-open] AndroidManifest.xml:14:5-79
MERGED from [com.aliyun.ams:alicloud-android-ha-tlog:1.1.0.6.1-open] AndroidManifest.xml:14:5-79
MERGED from [com.aliyun.ams:alicloud-android-ha-tlog:1.1.0.6.1-open] AndroidManifest.xml:14:5-79
MERGED from [com.aliyun.ams:alicloud-android-ha-tlog-protocol:1.1.0.6-open] AndroidManifest.xml:14:5-79
MERGED from [com.aliyun.ams:alicloud-android-ha-tlog-protocol:1.1.0.6-open] AndroidManifest.xml:14:5-79
MERGED from [com.aliyun.ams:alicloud-android-ha-tlog-uploader-oss:1.1.0.6.1-open] AndroidManifest.xml:16:5-79
MERGED from [com.aliyun.ams:alicloud-android-ha-tlog-uploader-oss:1.1.0.6.1-open] AndroidManifest.xml:16:5-79
MERGED from [com.aliyun.ams:alicloud-android-ha-tlog-message-rpc:1.1.0.6.1-open] AndroidManifest.xml:16:5-79
MERGED from [com.aliyun.ams:alicloud-android-ha-tlog-message-rpc:1.1.0.6.1-open] AndroidManifest.xml:16:5-79
MERGED from [com.aliyun.ams:alicloud-android-ha-tbrest:1.1.0.6-open] AndroidManifest.xml:14:5-79
MERGED from [com.aliyun.ams:alicloud-android-ha-tbrest:1.1.0.6-open] AndroidManifest.xml:14:5-79
	android:name
		ADDED from src\main\AndroidManifest.xml:10:22-76
uses-permission#android.permission.MOUNT_UNMOUNT_FILESYSTEMS
ADDED from src\main\AndroidManifest.xml:12:5-83
	android:name
		ADDED from src\main\AndroidManifest.xml:12:22-81
uses-permission#android.permission.ACCESS_FINE_LOCATION
ADDED from src\main\AndroidManifest.xml:13:5-78
	android:name
		ADDED from src\main\AndroidManifest.xml:13:22-76
uses-permission#android.permission.GET_TASKS
ADDED from src\main\AndroidManifest.xml:14:5-67
MERGED from [com.aliyun.ams:alicloud-android-ha-ut-analytics:1.1.0.1-open] AndroidManifest.xml:14:5-15:23
MERGED from [com.aliyun.ams:alicloud-android-ha-ut-analytics:1.1.0.1-open] AndroidManifest.xml:14:5-15:23
MERGED from [com.aliyun.ams:alicloud-android-ha-watch:1.1.0.6.1-open] AndroidManifest.xml:17:5-18:23
MERGED from [com.aliyun.ams:alicloud-android-ha-watch:1.1.0.6.1-open] AndroidManifest.xml:17:5-18:23
MERGED from [com.aliyun.ams:alicloud-android-ha-crashreporter:1.1.0.1-open] AndroidManifest.xml:15:5-16:23
MERGED from [com.aliyun.ams:alicloud-android-ha-crashreporter:1.1.0.1-open] AndroidManifest.xml:15:5-16:23
	android:name
		ADDED from src\main\AndroidManifest.xml:14:22-65
uses-permission#android.permission.ACCESS_WIFI_STATE
ADDED from src\main\AndroidManifest.xml:15:5-75
MERGED from [:Aliyunplayer:player_demo] AndroidManifest.xml:12:5-76
MERGED from [:Aliyunplayer:player_demo] AndroidManifest.xml:12:5-76
MERGED from [:AliyunVideoCommon] AndroidManifest.xml:11:5-76
MERGED from [:AliyunVideoCommon] AndroidManifest.xml:11:5-76
MERGED from [com.aliyun.dpa:oss-android-sdk:2.9.2] AndroidManifest.xml:13:5-76
MERGED from [com.aliyun.dpa:oss-android-sdk:2.9.2] AndroidManifest.xml:13:5-76
MERGED from [com.aliyun.ams:alicloud-android-ha-ut-analytics:1.1.0.1-open] AndroidManifest.xml:19:5-20:23
MERGED from [com.aliyun.ams:alicloud-android-ha-ut-analytics:1.1.0.1-open] AndroidManifest.xml:19:5-20:23
MERGED from [:Aliyunplayer:AlivcPlayer] AndroidManifest.xml:11:5-76
MERGED from [:Aliyunplayer:AlivcPlayer] AndroidManifest.xml:11:5-76
MERGED from [:Aliyunplayer:AlivcVodPlayer] AndroidManifest.xml:11:5-76
MERGED from [:Aliyunplayer:AlivcVodPlayer] AndroidManifest.xml:11:5-76
	android:name
		ADDED from src\main\AndroidManifest.xml:15:22-73
uses-permission#android.permission.CHANGE_WIFI_STATE
ADDED from src\main\AndroidManifest.xml:16:5-75
MERGED from [:AliyunVideoCommon] AndroidManifest.xml:12:5-76
MERGED from [:AliyunVideoCommon] AndroidManifest.xml:12:5-76
MERGED from [com.aliyun.dpa:oss-android-sdk:2.9.2] AndroidManifest.xml:15:5-76
MERGED from [com.aliyun.dpa:oss-android-sdk:2.9.2] AndroidManifest.xml:15:5-76
MERGED from [:Aliyunplayer:AlivcVodPlayer] AndroidManifest.xml:12:5-76
MERGED from [:Aliyunplayer:AlivcVodPlayer] AndroidManifest.xml:12:5-76
	android:name
		ADDED from src\main\AndroidManifest.xml:16:22-73
uses-permission#android.permission.WAKE_LOCK
ADDED from src\main\AndroidManifest.xml:17:5-67
MERGED from [:Aliyunplayer:player_demo] AndroidManifest.xml:15:5-68
MERGED from [:Aliyunplayer:player_demo] AndroidManifest.xml:15:5-68
	android:name
		ADDED from src\main\AndroidManifest.xml:17:22-65
uses-permission#android.permission.MODIFY_AUDIO_SETTINGS
ADDED from src\main\AndroidManifest.xml:18:5-79
	android:name
		ADDED from src\main\AndroidManifest.xml:18:22-77
uses-permission#android.permission.READ_PHONE_STATE
ADDED from src\main\AndroidManifest.xml:19:5-74
MERGED from [:Aliyunplayer:player_demo] AndroidManifest.xml:16:5-75
MERGED from [:Aliyunplayer:player_demo] AndroidManifest.xml:16:5-75
MERGED from [:AliyunVideoCommon] AndroidManifest.xml:20:5-75
MERGED from [:AliyunVideoCommon] AndroidManifest.xml:20:5-75
MERGED from [com.aliyun.ams:alicloud-android-ha-adapter:1.1.0.6.2-open] AndroidManifest.xml:15:5-75
MERGED from [com.aliyun.ams:alicloud-android-ha-adapter:1.1.0.6.2-open] AndroidManifest.xml:15:5-75
MERGED from [com.aliyun.ams:alicloud-android-ha-ut-analytics:1.1.0.1-open] AndroidManifest.xml:13:5-75
MERGED from [com.aliyun.ams:alicloud-android-ha-ut-analytics:1.1.0.1-open] AndroidManifest.xml:13:5-75
MERGED from [com.aliyun.ams:alicloud-android-ha-core:1.1.0.6.1-open] AndroidManifest.xml:13:5-75
MERGED from [com.aliyun.ams:alicloud-android-ha-core:1.1.0.6.1-open] AndroidManifest.xml:13:5-75
MERGED from [com.aliyun.ams:alicloud-android-ha-protocol:1.1.0.6-open] AndroidManifest.xml:13:5-75
MERGED from [com.aliyun.ams:alicloud-android-ha-protocol:1.1.0.6-open] AndroidManifest.xml:13:5-75
MERGED from [com.aliyun.ams:alicloud-android-ha-watch:1.1.0.6.1-open] AndroidManifest.xml:15:5-75
MERGED from [com.aliyun.ams:alicloud-android-ha-watch:1.1.0.6.1-open] AndroidManifest.xml:15:5-75
MERGED from [com.aliyun.ams:alicloud-android-ha-bizerrorreporter:1.1.0.6.1-open] AndroidManifest.xml:13:5-75
MERGED from [com.aliyun.ams:alicloud-android-ha-bizerrorreporter:1.1.0.6.1-open] AndroidManifest.xml:13:5-75
MERGED from [com.aliyun.ams:alicloud-android-ha-crashreporter:1.1.0.1-open] AndroidManifest.xml:13:5-75
MERGED from [com.aliyun.ams:alicloud-android-ha-crashreporter:1.1.0.1-open] AndroidManifest.xml:13:5-75
MERGED from [com.aliyun.ams:alicloud-android-ha-tlog:1.1.0.6.1-open] AndroidManifest.xml:13:5-75
MERGED from [com.aliyun.ams:alicloud-android-ha-tlog:1.1.0.6.1-open] AndroidManifest.xml:13:5-75
MERGED from [com.aliyun.ams:alicloud-android-ha-tlog-protocol:1.1.0.6-open] AndroidManifest.xml:13:5-75
MERGED from [com.aliyun.ams:alicloud-android-ha-tlog-protocol:1.1.0.6-open] AndroidManifest.xml:13:5-75
MERGED from [com.aliyun.ams:alicloud-android-ha-tlog-uploader-oss:1.1.0.6.1-open] AndroidManifest.xml:15:5-75
MERGED from [com.aliyun.ams:alicloud-android-ha-tlog-uploader-oss:1.1.0.6.1-open] AndroidManifest.xml:15:5-75
MERGED from [com.aliyun.ams:alicloud-android-ha-tlog-message-rpc:1.1.0.6.1-open] AndroidManifest.xml:15:5-75
MERGED from [com.aliyun.ams:alicloud-android-ha-tlog-message-rpc:1.1.0.6.1-open] AndroidManifest.xml:15:5-75
MERGED from [com.aliyun.ams:alicloud-android-ha-tbrest:1.1.0.6-open] AndroidManifest.xml:13:5-75
MERGED from [com.aliyun.ams:alicloud-android-ha-tbrest:1.1.0.6-open] AndroidManifest.xml:13:5-75
	android:name
		ADDED from src\main\AndroidManifest.xml:19:22-72
uses-permission#android.permission.RECEIVE_BOOT_COMPLETED
ADDED from src\main\AndroidManifest.xml:20:5-80
	android:name
		ADDED from src\main\AndroidManifest.xml:20:22-78
uses-permission#android.permission.READ_EXTERNAL_STORAGE
ADDED from src\main\AndroidManifest.xml:21:5-79
MERGED from [:Aliyunplayer:player_demo] AndroidManifest.xml:18:5-80
MERGED from [:Aliyunplayer:player_demo] AndroidManifest.xml:18:5-80
MERGED from [:AliyunVideoCommon] AndroidManifest.xml:15:5-80
MERGED from [:AliyunVideoCommon] AndroidManifest.xml:15:5-80
MERGED from [com.squareup.leakcanary:leakcanary-android:1.6.1] AndroidManifest.xml:23:5-80
MERGED from [com.squareup.leakcanary:leakcanary-android:1.6.1] AndroidManifest.xml:23:5-80
	android:name
		ADDED from src\main\AndroidManifest.xml:21:22-77
uses-permission#android.permission.WRITE_EXTERNAL_STORAGE
ADDED from src\main\AndroidManifest.xml:22:5-80
MERGED from [:Aliyunplayer:player_demo] AndroidManifest.xml:14:5-81
MERGED from [:Aliyunplayer:player_demo] AndroidManifest.xml:14:5-81
MERGED from [:AliyunVideoCommon] AndroidManifest.xml:14:5-81
MERGED from [:AliyunVideoCommon] AndroidManifest.xml:14:5-81
MERGED from [com.aliyun.dpa:oss-android-sdk:2.9.2] AndroidManifest.xml:14:5-81
MERGED from [com.aliyun.dpa:oss-android-sdk:2.9.2] AndroidManifest.xml:14:5-81
MERGED from [com.squareup.leakcanary:leakcanary-android:1.6.1] AndroidManifest.xml:24:5-81
MERGED from [com.squareup.leakcanary:leakcanary-android:1.6.1] AndroidManifest.xml:24:5-81
MERGED from [com.aliyun.ams:alicloud-android-ha-adapter:1.1.0.6.2-open] AndroidManifest.xml:17:5-81
MERGED from [com.aliyun.ams:alicloud-android-ha-adapter:1.1.0.6.2-open] AndroidManifest.xml:17:5-81
MERGED from [com.aliyun.ams:alicloud-android-ha-ut-analytics:1.1.0.1-open] AndroidManifest.xml:16:5-81
MERGED from [com.aliyun.ams:alicloud-android-ha-ut-analytics:1.1.0.1-open] AndroidManifest.xml:16:5-81
MERGED from [com.aliyun.ams:alicloud-android-ha-core:1.1.0.6.1-open] AndroidManifest.xml:15:5-81
MERGED from [com.aliyun.ams:alicloud-android-ha-core:1.1.0.6.1-open] AndroidManifest.xml:15:5-81
MERGED from [com.aliyun.ams:alicloud-android-ha-protocol:1.1.0.6-open] AndroidManifest.xml:15:5-81
MERGED from [com.aliyun.ams:alicloud-android-ha-protocol:1.1.0.6-open] AndroidManifest.xml:15:5-81
MERGED from [com.aliyun.ams:alicloud-android-ha-watch:1.1.0.6.1-open] AndroidManifest.xml:19:5-81
MERGED from [com.aliyun.ams:alicloud-android-ha-watch:1.1.0.6.1-open] AndroidManifest.xml:19:5-81
MERGED from [com.aliyun.ams:alicloud-android-ha-bizerrorreporter:1.1.0.6.1-open] AndroidManifest.xml:15:5-81
MERGED from [com.aliyun.ams:alicloud-android-ha-bizerrorreporter:1.1.0.6.1-open] AndroidManifest.xml:15:5-81
MERGED from [com.aliyun.ams:alicloud-android-ha-crashreporter:1.1.0.1-open] AndroidManifest.xml:17:5-81
MERGED from [com.aliyun.ams:alicloud-android-ha-crashreporter:1.1.0.1-open] AndroidManifest.xml:17:5-81
MERGED from [com.aliyun.ams:alicloud-android-ha-onlinemonitor:1.1.0.1-open] AndroidManifest.xml:11:5-81
MERGED from [com.aliyun.ams:alicloud-android-ha-onlinemonitor:1.1.0.1-open] AndroidManifest.xml:11:5-81
MERGED from [com.aliyun.ams:alicloud-android-ha-tlog:1.1.0.6.1-open] AndroidManifest.xml:15:5-81
MERGED from [com.aliyun.ams:alicloud-android-ha-tlog:1.1.0.6.1-open] AndroidManifest.xml:15:5-81
MERGED from [com.aliyun.ams:alicloud-android-ha-tlog-protocol:1.1.0.6-open] AndroidManifest.xml:15:5-81
MERGED from [com.aliyun.ams:alicloud-android-ha-tlog-protocol:1.1.0.6-open] AndroidManifest.xml:15:5-81
MERGED from [com.aliyun.ams:alicloud-android-ha-tlog-uploader-oss:1.1.0.6.1-open] AndroidManifest.xml:17:5-81
MERGED from [com.aliyun.ams:alicloud-android-ha-tlog-uploader-oss:1.1.0.6.1-open] AndroidManifest.xml:17:5-81
MERGED from [com.aliyun.ams:alicloud-android-ha-tlog-message-rpc:1.1.0.6.1-open] AndroidManifest.xml:17:5-81
MERGED from [com.aliyun.ams:alicloud-android-ha-tlog-message-rpc:1.1.0.6.1-open] AndroidManifest.xml:17:5-81
MERGED from [com.aliyun.ams:alicloud-android-ha-tbrest:1.1.0.6-open] AndroidManifest.xml:15:5-81
MERGED from [com.aliyun.ams:alicloud-android-ha-tbrest:1.1.0.6-open] AndroidManifest.xml:15:5-81
	android:name
		ADDED from src\main\AndroidManifest.xml:22:22-78
uses-permission#android.permission.BLUETOOTH
ADDED from src\main\AndroidManifest.xml:23:5-68
MERGED from [:AliyunVideoCommon] AndroidManifest.xml:22:5-68
MERGED from [:AliyunVideoCommon] AndroidManifest.xml:22:5-68
	android:name
		ADDED from src\main\AndroidManifest.xml:23:22-65
uses-permission#android.permission.SYSTEM_ALERT_WINDOW
ADDED from src\main\AndroidManifest.xml:24:5-78
	android:name
		ADDED from src\main\AndroidManifest.xml:24:22-75
uses-permission#android.permission.REQUEST_INSTALL_PACKAGES
ADDED from src\main\AndroidManifest.xml:26:5-83
	android:name
		ADDED from src\main\AndroidManifest.xml:26:22-80
application
ADDED from src\main\AndroidManifest.xml:28:5-54:19
MERGED from [:Aliyunplayer:player_demo] AndroidManifest.xml:20:5-34:19
MERGED from [:Aliyunplayer:player_demo] AndroidManifest.xml:20:5-34:19
MERGED from [:zxing] AndroidManifest.xml:17:5-25:19
MERGED from [:zxing] AndroidManifest.xml:17:5-25:19
MERGED from [com.android.support:appcompat-v7:26.1.0] AndroidManifest.xml:25:5-29:19
MERGED from [com.android.support:appcompat-v7:26.1.0] AndroidManifest.xml:25:5-29:19
MERGED from [com.android.support:support-v4:26.1.0] AndroidManifest.xml:25:5-29:19
MERGED from [com.android.support:support-v4:26.1.0] AndroidManifest.xml:25:5-29:19
MERGED from [com.android.support:recyclerview-v7:26.1.0] AndroidManifest.xml:22:5-26:19
MERGED from [com.android.support:recyclerview-v7:26.1.0] AndroidManifest.xml:22:5-26:19
MERGED from [com.aliyun.dpa:oss-android-sdk:2.9.2] AndroidManifest.xml:17:5-20:19
MERGED from [com.aliyun.dpa:oss-android-sdk:2.9.2] AndroidManifest.xml:17:5-20:19
MERGED from [com.squareup.leakcanary:leakcanary-android:1.6.1] AndroidManifest.xml:26:5-70:19
MERGED from [com.squareup.leakcanary:leakcanary-android:1.6.1] AndroidManifest.xml:26:5-70:19
MERGED from [com.github.bumptech.glide:glide:4.8.0] AndroidManifest.xml:10:5-20
MERGED from [com.github.bumptech.glide:glide:4.8.0] AndroidManifest.xml:10:5-20
MERGED from [:Aliyunplayer:AlivcReporter] AndroidManifest.xml:14:5-15:19
MERGED from [:Aliyunplayer:AlivcReporter] AndroidManifest.xml:14:5-15:19
MERGED from [com.android.support:animated-vector-drawable:26.1.0] AndroidManifest.xml:22:5-26:19
MERGED from [com.android.support:animated-vector-drawable:26.1.0] AndroidManifest.xml:22:5-26:19
MERGED from [com.android.support:support-vector-drawable:26.1.0] AndroidManifest.xml:22:5-26:19
MERGED from [com.android.support:support-vector-drawable:26.1.0] AndroidManifest.xml:22:5-26:19
MERGED from [com.android.support:support-media-compat:26.1.0] AndroidManifest.xml:25:5-29:19
MERGED from [com.android.support:support-media-compat:26.1.0] AndroidManifest.xml:25:5-29:19
MERGED from [com.android.support:support-fragment:26.1.0] AndroidManifest.xml:25:5-29:19
MERGED from [com.android.support:support-fragment:26.1.0] AndroidManifest.xml:25:5-29:19
MERGED from [com.android.support:support-core-ui:26.1.0] AndroidManifest.xml:25:5-29:19
MERGED from [com.android.support:support-core-ui:26.1.0] AndroidManifest.xml:25:5-29:19
MERGED from [com.android.support:support-core-utils:26.1.0] AndroidManifest.xml:25:5-29:19
MERGED from [com.android.support:support-core-utils:26.1.0] AndroidManifest.xml:25:5-29:19
MERGED from [com.android.support:support-compat:26.1.0] AndroidManifest.xml:25:5-29:19
MERGED from [com.android.support:support-compat:26.1.0] AndroidManifest.xml:25:5-29:19
MERGED from [com.squareup.leakcanary:leakcanary-analyzer:1.6.1] AndroidManifest.xml:22:5-20
MERGED from [com.squareup.leakcanary:leakcanary-analyzer:1.6.1] AndroidManifest.xml:22:5-20
MERGED from [com.aliyun.ams:alicloud-android-ha-telescopebase:1.1.0-open] AndroidManifest.xml:11:5-15:19
MERGED from [com.aliyun.ams:alicloud-android-ha-telescopebase:1.1.0-open] AndroidManifest.xml:11:5-15:19
MERGED from [com.aliyun.ams:alicloud-android-ha-telescopesdk:1.1.0.1-open] AndroidManifest.xml:11:5-18:19
MERGED from [com.aliyun.ams:alicloud-android-ha-telescopesdk:1.1.0.1-open] AndroidManifest.xml:11:5-18:19
MERGED from [com.github.bumptech.glide:gifdecoder:4.8.0] AndroidManifest.xml:9:5-20
MERGED from [com.github.bumptech.glide:gifdecoder:4.8.0] AndroidManifest.xml:9:5-20
MERGED from [android.arch.lifecycle:runtime:1.0.0] AndroidManifest.xml:24:5-28:19
MERGED from [android.arch.lifecycle:runtime:1.0.0] AndroidManifest.xml:24:5-28:19
	android:supportsRtl
		ADDED from src\main\AndroidManifest.xml:33:9-35
	android:label
		ADDED from src\main\AndroidManifest.xml:32:9-41
	android:icon
		ADDED from src\main\AndroidManifest.xml:31:9-43
	android:allowBackup
		ADDED from src\main\AndroidManifest.xml:30:9-35
	android:theme
		ADDED from src\main\AndroidManifest.xml:34:9-40
	android:name
		ADDED from src\main\AndroidManifest.xml:29:9-64
activity#com.aliyun.alivcsolution.SplashActivity
ADDED from src\main\AndroidManifest.xml:36:9-47:20
	android:screenOrientation
		ADDED from src\main\AndroidManifest.xml:37:13-49
	android:windowSoftInputMode
		ADDED from src\main\AndroidManifest.xml:40:13-64
	android:configChanges
		ADDED from src\main\AndroidManifest.xml:38:13-48
	android:theme
		ADDED from src\main\AndroidManifest.xml:39:13-52
	android:name
		ADDED from src\main\AndroidManifest.xml:36:19-73
intent-filter#android.intent.action.MAIN+android.intent.category.LAUNCHER
ADDED from src\main\AndroidManifest.xml:42:13-46:29
action#android.intent.action.MAIN
ADDED from src\main\AndroidManifest.xml:43:17-69
	android:name
		ADDED from src\main\AndroidManifest.xml:43:25-66
category#android.intent.category.LAUNCHER
ADDED from src\main\AndroidManifest.xml:45:17-77
	android:name
		ADDED from src\main\AndroidManifest.xml:45:27-74
activity#com.aliyun.alivcsolution.MainActivity
ADDED from src\main\AndroidManifest.xml:49:9-52:20
	android:screenOrientation
		ADDED from src\main\AndroidManifest.xml:51:13-49
	android:launchMode
		ADDED from src\main\AndroidManifest.xml:51:50-81
	android:theme
		ADDED from src\main\AndroidManifest.xml:50:13-63
	android:name
		ADDED from src\main\AndroidManifest.xml:49:19-71
uses-sdk
INJECTED from src\main\AndroidManifest.xml reason: use-sdk injection requested
INJECTED from src\main\AndroidManifest.xml
INJECTED from src\main\AndroidManifest.xml
MERGED from [:Aliyunplayer:player_demo] AndroidManifest.xml:7:5-9:41
MERGED from [:Aliyunplayer:player_demo] AndroidManifest.xml:7:5-9:41
MERGED from [:AliyunVideoCommon] AndroidManifest.xml:5:5-7:41
MERGED from [:AliyunVideoCommon] AndroidManifest.xml:5:5-7:41
MERGED from [com.android.support:multidex:1.0.2] AndroidManifest.xml:20:5-43
MERGED from [com.android.support:multidex:1.0.2] AndroidManifest.xml:20:5-43
MERGED from [:zxing] AndroidManifest.xml:7:5-9:41
MERGED from [:zxing] AndroidManifest.xml:7:5-9:41
MERGED from [com.android.support:appcompat-v7:26.1.0] AndroidManifest.xml:21:5-23:78
MERGED from [com.android.support:appcompat-v7:26.1.0] AndroidManifest.xml:21:5-23:78
MERGED from [com.android.support:support-v4:26.1.0] AndroidManifest.xml:21:5-23:54
MERGED from [com.android.support:support-v4:26.1.0] AndroidManifest.xml:21:5-23:54
MERGED from [com.android.support:recyclerview-v7:26.1.0] AndroidManifest.xml:20:5-44
MERGED from [com.android.support:recyclerview-v7:26.1.0] AndroidManifest.xml:20:5-44
MERGED from [com.aliyun.dpa:oss-android-sdk:2.9.2] AndroidManifest.xml:7:5-9:41
MERGED from [com.aliyun.dpa:oss-android-sdk:2.9.2] AndroidManifest.xml:7:5-9:41
MERGED from [com.squareup.leakcanary:leakcanary-android:1.6.1] AndroidManifest.xml:20:5-44
MERGED from [com.squareup.leakcanary:leakcanary-android:1.6.1] AndroidManifest.xml:20:5-44
MERGED from [com.aliyun.ams:alicloud-android-ha-adapter:1.1.0.6.2-open] AndroidManifest.xml:8:5-11:76